2025-02-04T22:19:39.597Z [ERROR]: 🔥 Uncaught Exception: listen EADDRINUSE: address already in use :::3000
2025-02-05T01:20:56.483Z [ERROR]: ⚠️ Unhandled Rejection: 
2025-02-05T01:25:00.140Z [ERROR]: ⚠️ Unhandled Rejection: SASL: SCRAM-SERVER-FIRST-MESSAGE: client password must be a string
2025-02-05T01:27:40.873Z [ERROR]: ⚠️ Unhandled Rejection: SASL: SCRAM-SERVER-FIRST-MESSAGE: client password must be a string
2025-02-05T01:34:26.654Z [ERROR]: ⚠️ Unhandled Rejection: SASL: SCRAM-SERVER-FIRST-MESSAGE: client password must be a string
2025-02-05T01:39:55.657Z [ERROR]: 🔥 Uncaught Exception: listen EADDRINUSE: address already in use :::3000
2025-02-05T01:56:35.182Z [ERROR]: 🔥 Uncaught Exception: listen EADDRINUSE: address already in use :::3000
2025-02-05T01:56:35.220Z [ERROR]: ⚠️ Unhandled Rejection: SASL: SCRAM-SERVER-FIRST-MESSAGE: client password must be a string
2025-02-05T01:56:53.580Z [ERROR]: ⚠️ Unhandled Rejection: SASL: SCRAM-SERVER-FIRST-MESSAGE: client password must be a string
2025-02-05T01:57:33.241Z [ERROR]: ⚠️ Unhandled Rejection: SASL: SCRAM-SERVER-FIRST-MESSAGE: client password must be a string
2025-02-05T23:57:38.221Z [ERROR]: 🔥 Uncaught Exception: listen EADDRINUSE: address already in use :::3000
2025-02-05T23:57:38.259Z [ERROR]: ⚠️ Unhandled Rejection: SASL: SCRAM-SERVER-FIRST-MESSAGE: client password must be a string
2025-02-05T23:57:51.644Z [ERROR]: ⚠️ Unhandled Rejection: SASL: SCRAM-SERVER-FIRST-MESSAGE: client password must be a string
2025-02-05T23:58:18.623Z [ERROR]: 🔥 Uncaught Exception: listen EADDRINUSE: address already in use :::3000
2025-02-06T01:23:02.158Z [ERROR]: 🔥 Uncaught Exception: listen EADDRINUSE: address already in use :::3000
2025-02-06T01:23:02.186Z [ERROR]: ⚠️ Unhandled Rejection: SASL: SCRAM-SERVER-FIRST-MESSAGE: client password must be a string
2025-02-06T01:23:32.730Z [ERROR]: 🔥 Uncaught Exception: listen EADDRINUSE: address already in use :::3000
2025-02-06T20:23:26.227Z [ERROR]: ⚠️ Unhandled Rejection: getaddrinfo ENOTFOUND dpg-cuihck52ng1s73dk2dag-a
2025-02-06T20:25:06.135Z [ERROR]: ⚠️ Unhandled Rejection: getaddrinfo ENOTFOUND dpg-cuihck52ng1s73dk2dag-a
2025-02-07T23:28:30.717Z [ERROR]: ⚠️ Unhandled Rejection: The server does not support SSL connections
2025-02-07T23:29:42.532Z [ERROR]: ⚠️ Unhandled Rejection: The server does not support SSL connections
2025-02-09T01:57:14.334Z [ERROR]: ⚠️ Unhandled Rejection: The server does not support SSL connections
2025-02-11T01:21:17.235Z [ERROR]: ⚠️ Unhandled Rejection: getaddrinfo ENOTFOUND dpg-cul9js9u0jms73fqsg00-a
